<?xml version="1.0" encoding="utf-8"?>
<TestRun id="fc06f5ce-5429-4de5-bc4f-342c9aeef720" name="sbailleu@LFR036403 2020-02-10 12:17:48" runUser="CORP\sbailleu" xmlns="http://microsoft.com/schemas/VisualStudio/TeamTest/2010">
  <Times creation="2020-02-10T12:17:48.6050650+01:00" queuing="2020-02-10T12:17:48.6050672+01:00" start="2020-02-10T12:17:46.8180795+01:00" finish="2020-02-10T12:17:48.6138487+01:00" />
  <TestSettings name="default" id="b3f96530-6edd-4ca7-a94d-27150f0631d8">
    <Deployment runDeploymentRoot="sbailleu_LFR036403_2020-02-10_12_17_48" />
  </TestSettings>
  <Results>
    <UnitTestResult executionId="59aca909-23c1-48b6-b1cb-ea5f1b906213" testId="1fdd6013-8c07-4248-89c1-9307160fedd8" testName="GameEngine.Tests.BossEnemyShould.HaveCorrectPower" computerName="LFR036403" duration="00:00:00.0044808" startTime="2020-02-10T12:17:48.3675664+01:00" endTime="2020-02-10T12:17:48.3675682+01:00" testType="13cdc9d9-ddb5-4fa4-a97d-d965ccfc6d4b" outcome="Passed" testListId="8c84fa94-04c1-424b-9868-57a2d4851a1d" relativeResultsDirectory="59aca909-23c1-48b6-b1cb-ea5f1b906213">
      <Output>
        <StdOut>Creating Boss Enemy</StdOut>
      </Output>
    </UnitTestResult>
    <UnitTestResult executionId="7a2ab446-f54e-42b7-9214-113408ed6229" testId="dcb42a8c-40aa-5683-e69a-cbf7d8b11750" testName="GameEngine.Tests.PlayerCharacterShould.StartWithDefaultHealth_NotEqual" computerName="LFR036403" duration="00:00:00.0002617" startTime="2020-02-10T12:17:48.3688825+01:00" endTime="2020-02-10T12:17:48.3688849+01:00" testType="13cdc9d9-ddb5-4fa4-a97d-d965ccfc6d4b" outcome="Passed" testListId="8c84fa94-04c1-424b-9868-57a2d4851a1d" relativeResultsDirectory="7a2ab446-f54e-42b7-9214-113408ed6229" />
    <UnitTestResult executionId="f0a49e07-f147-4a63-b4dd-78b765fb7d84" testId="3494ef0f-6a28-2f83-1288-fcd37d34ba7e" testName="GameEngine.Tests.PlayerCharacterShould.StartWithDefaultHealth" computerName="LFR036403" duration="00:00:00.0044742" startTime="2020-02-10T12:17:48.3642596+01:00" endTime="2020-02-10T12:17:48.3643228+01:00" testType="13cdc9d9-ddb5-4fa4-a97d-d965ccfc6d4b" outcome="Passed" testListId="8c84fa94-04c1-424b-9868-57a2d4851a1d" relativeResultsDirectory="f0a49e07-f147-4a63-b4dd-78b765fb7d84" />
    <UnitTestResult executionId="467cc206-15a1-45bb-b081-381312527768" testId="518d5ee0-ee6b-6f5f-558e-055eac43c07e" testName="GameEngine.Tests.PlayerCharacterShould.IncreaseHealthAfterSleeping" computerName="LFR036403" duration="00:00:00.0009350" startTime="2020-02-10T12:17:48.3687824+01:00" endTime="2020-02-10T12:17:48.3687835+01:00" testType="13cdc9d9-ddb5-4fa4-a97d-d965ccfc6d4b" outcome="Passed" testListId="8c84fa94-04c1-424b-9868-57a2d4851a1d" relativeResultsDirectory="467cc206-15a1-45bb-b081-381312527768" />
  </Results>
  <TestDefinitions>
    <UnitTest name="GameEngine.Tests.PlayerCharacterShould.StartWithDefaultHealth" storage="c:\users\sbailleu\documents\training\2. c#\1. xunit\gameengine\gameengine.tests\bin\debug\netcoreapp3.1\gameengine.tests.dll" id="3494ef0f-6a28-2f83-1288-fcd37d34ba7e">
      <Execution id="f0a49e07-f147-4a63-b4dd-78b765fb7d84" />
      <TestMethod codeBase="C:\Users\sbailleu\Documents\Training\2. C#\1. xUnit\GameEngine\GameEngine.Tests\bin\Debug\netcoreapp3.1\GameEngine.Tests.dll" adapterTypeName="executor://xunit/VsTestRunner2/netcoreapp" className="GameEngine.Tests.PlayerCharacterShould" name="GameEngine.Tests.PlayerCharacterShould.StartWithDefaultHealth" />
    </UnitTest>
    <UnitTest name="GameEngine.Tests.BossEnemyShould.HaveCorrectPower" storage="c:\users\sbailleu\documents\training\2. c#\1. xunit\gameengine\gameengine.tests\bin\debug\netcoreapp3.1\gameengine.tests.dll" id="1fdd6013-8c07-4248-89c1-9307160fedd8">
      <Execution id="59aca909-23c1-48b6-b1cb-ea5f1b906213" />
      <TestMethod codeBase="C:\Users\sbailleu\Documents\Training\2. C#\1. xUnit\GameEngine\GameEngine.Tests\bin\Debug\netcoreapp3.1\GameEngine.Tests.dll" adapterTypeName="executor://xunit/VsTestRunner2/netcoreapp" className="GameEngine.Tests.BossEnemyShould" name="GameEngine.Tests.BossEnemyShould.HaveCorrectPower" />
    </UnitTest>
    <UnitTest name="GameEngine.Tests.PlayerCharacterShould.IncreaseHealthAfterSleeping" storage="c:\users\sbailleu\documents\training\2. c#\1. xunit\gameengine\gameengine.tests\bin\debug\netcoreapp3.1\gameengine.tests.dll" id="518d5ee0-ee6b-6f5f-558e-055eac43c07e">
      <Execution id="467cc206-15a1-45bb-b081-381312527768" />
      <TestMethod codeBase="C:\Users\sbailleu\Documents\Training\2. C#\1. xUnit\GameEngine\GameEngine.Tests\bin\Debug\netcoreapp3.1\GameEngine.Tests.dll" adapterTypeName="executor://xunit/VsTestRunner2/netcoreapp" className="GameEngine.Tests.PlayerCharacterShould" name="GameEngine.Tests.PlayerCharacterShould.IncreaseHealthAfterSleeping" />
    </UnitTest>
    <UnitTest name="GameEngine.Tests.PlayerCharacterShould.StartWithDefaultHealth_NotEqual" storage="c:\users\sbailleu\documents\training\2. c#\1. xunit\gameengine\gameengine.tests\bin\debug\netcoreapp3.1\gameengine.tests.dll" id="dcb42a8c-40aa-5683-e69a-cbf7d8b11750">
      <Execution id="7a2ab446-f54e-42b7-9214-113408ed6229" />
      <TestMethod codeBase="C:\Users\sbailleu\Documents\Training\2. C#\1. xUnit\GameEngine\GameEngine.Tests\bin\Debug\netcoreapp3.1\GameEngine.Tests.dll" adapterTypeName="executor://xunit/VsTestRunner2/netcoreapp" className="GameEngine.Tests.PlayerCharacterShould" name="GameEngine.Tests.PlayerCharacterShould.StartWithDefaultHealth_NotEqual" />
    </UnitTest>
  </TestDefinitions>
  <TestEntries>
    <TestEntry testId="1fdd6013-8c07-4248-89c1-9307160fedd8" executionId="59aca909-23c1-48b6-b1cb-ea5f1b906213" testListId="8c84fa94-04c1-424b-9868-57a2d4851a1d" />
    <TestEntry testId="dcb42a8c-40aa-5683-e69a-cbf7d8b11750" executionId="7a2ab446-f54e-42b7-9214-113408ed6229" testListId="8c84fa94-04c1-424b-9868-57a2d4851a1d" />
    <TestEntry testId="3494ef0f-6a28-2f83-1288-fcd37d34ba7e" executionId="f0a49e07-f147-4a63-b4dd-78b765fb7d84" testListId="8c84fa94-04c1-424b-9868-57a2d4851a1d" />
    <TestEntry testId="518d5ee0-ee6b-6f5f-558e-055eac43c07e" executionId="467cc206-15a1-45bb-b081-381312527768" testListId="8c84fa94-04c1-424b-9868-57a2d4851a1d" />
  </TestEntries>
  <TestLists>
    <TestList name="Les résultats ne figurent pas dans une liste" id="8c84fa94-04c1-424b-9868-57a2d4851a1d" />
    <TestList name="Tous les résultats chargés" id="19431567-8539-422a-85d7-44ee4e166bda" />
  </TestLists>
  <ResultSummary outcome="Completed">
    <Counters total="4" executed="4" passed="4" failed="0" error="0" timeout="0" aborted="0" inconclusive="0" passedButRunAborted="0" notRunnable="0" notExecuted="0" disconnected="0" warning="0" completed="0" inProgress="0" pending="0" />
    <Output>
      <StdOut>[xUnit.net 00:00:00.00] xUnit.net VSTest Adapter v2.4.0 (64-bit .NET Core 3.1.1)&#xD;
[xUnit.net 00:00:00.53]   Discovering: GameEngine.Tests&#xD;
[xUnit.net 00:00:00.57]   Discovered:  GameEngine.Tests&#xD;
[xUnit.net 00:00:00.58]   Starting:    GameEngine.Tests&#xD;
[xUnit.net 00:00:00.66]   Finished:    GameEngine.Tests&#xD;
</StdOut>
    </Output>
  </ResultSummary>
</TestRun>